<?xml version="1.0" encoding="UTF-8"?>
<!-- Generated by org.testng.reporters.JUnitReportReporter -->
<testsuite hostname="DESKTOP-4DTVSHD" failures="0" tests="1" name="datadriventutotials.loginhandsonExcercise" time="8.038" errors="0" timestamp="17 Apr 2024 18:35:41 GMT" skipped="0">
  <testcase classname="datadriventutotials.loginhandsonExcercise" name="findingElemtstoPassLogingvalues" time="8.038"/>
</testsuite> <!-- datadriventutotials.loginhandsonExcercise -->
