<?xml version="1.0" encoding="UTF-8"?>
<!-- Generated by org.testng.reporters.JUnitReportReporter -->
<testsuite hostname="DESKTOP-4DTVSHD" failures="0" tests="1" name="datadriventutotials.WrongUsernameWrongPassword" time="43.766" errors="0" timestamp="2024-04-15T18:27:29 IST" skipped="0">
  <testcase classname="datadriventutotials.WrongUsernameWrongPassword" name="wrongusernameandCorrectPassword" time="43.766"/>
  <system-out/>
</testsuite> <!-- datadriventutotials.WrongUsernameWrongPassword -->
