<?xml version="1.0" encoding="UTF-8"?>
<!-- Generated by org.testng.reporters.JUnitReportReporter -->
<testsuite hostname="DESKTOP-4DTVSHD" failures="0" tests="4" name="datadriventutotials.Login" time="60.118" errors="0" timestamp="15 Apr 2024 15:33:30 GMT" skipped="0">
  <testcase classname="datadriventutotials.Login" name="correctUsernameandCorrectPassword" time="12.955"/>
  <testcase classname="datadriventutotials.Login" name="correctUsernameandCorrectPassword" time="20.530"/>
  <testcase classname="datadriventutotials.Login" name="correctUsernameandCorrectPassword" time="13.350"/>
  <testcase classname="datadriventutotials.Login" name="correctUsernameandCorrectPassword" time="13.283"/>
</testsuite> <!-- datadriventutotials.Login -->
