<?xml version="1.0" encoding="UTF-8"?>
<!-- Generated by org.testng.reporters.JUnitReportReporter -->
<testsuite hostname="DESKTOP-4DTVSHD" failures="0" tests="1" name="datadriventutotials.CorrectUsernameWrongPassword" time="43.737" errors="0" timestamp="2024-04-15T18:27:29 IST" skipped="0">
  <testcase classname="datadriventutotials.CorrectUsernameWrongPassword" name="correctUsernameandWrongPassword" time="43.737"/>
  <system-out/>
</testsuite> <!-- datadriventutotials.CorrectUsernameWrongPassword -->
