<?xml version="1.0" encoding="UTF-8"?>
<!-- Generated by org.testng.reporters.JUnitReportReporter -->
<testsuite hostname="DESKTOP-4DTVSHD" failures="0" tests="1" name="PageObjectSecond.LoginPageObjectsForLoginTestCaseclass" time="32.088" errors="0" timestamp="20 Apr 2024 07:44:29 GMT" skipped="0">
  <testcase classname="PageObjectSecond.LoginPageObjectsForLoginTestCaseclass" name="login" time="32.088"/>
</testsuite> <!-- PageObjectSecond.LoginPageObjectsForLoginTestCaseclass -->
