<?xml version="1.0" encoding="UTF-8"?>
<!-- Generated by org.testng.reporters.JUnitReportReporter -->
<testsuite hostname="DESKTOP-4DTVSHD" failures="0" tests="6" name="testNG.SkipTestCaseorIgnoreTestCase" time="0.020" errors="0" timestamp="2024-04-07T19:12:16 IST" skipped="1">
  <testcase classname="testNG.SkipTestCaseorIgnoreTestCase" name="stsrtthecar" time="0.007"/>
  <system-out/>
  <testcase classname="testNG.SkipTestCaseorIgnoreTestCase" name="putFirstgear" time="0.005"/>
  <system-out/>
  <testcase classname="testNG.SkipTestCaseorIgnoreTestCase" name="putSecondgear" time="0.002"/>
  <system-out/>
  <testcase classname="testNG.SkipTestCaseorIgnoreTestCase" name="putThirdgear" time="0.003"/>
  <system-out/>
  <testcase classname="testNG.SkipTestCaseorIgnoreTestCase" name="putFourthgear" time="0.003"/>
  <system-out/>
  <testcase classname="testNG.SkipTestCaseorIgnoreTestCase" name="muicTurnedon">
    <skipped/>
  </testcase> <!-- muicTurnedon -->
  <system-out/>
</testsuite> <!-- testNG.SkipTestCaseorIgnoreTestCase -->
