<?xml version="1.0" encoding="UTF-8"?>
<!-- Generated by org.testng.reporters.JUnitReportReporter -->
<testsuite hostname="DESKTOP-4DTVSHD" failures="0" tests="1" name="testNG.AssertionExample" time="0.035" errors="0" timestamp="2024-04-08T16:33:52 IST" skipped="0">
  <testcase classname="testNG.AssertionExample" name="checkequal" time="0.035"/>
  <system-out/>
</testsuite> <!-- testNG.AssertionExample -->
