<?xml version="1.0" encoding="UTF-8"?>
<!-- Generated by org.testng.reporters.JUnitReportReporter -->
<testsuite hostname="DESKTOP-4DTVSHD" failures="0" tests="4" name="testNG.SampleTestCase" time="0.113" errors="0" timestamp="2024-04-06T15:37:18 IST" skipped="0">
  <testcase classname="testNG.SampleTestCase" name="fourthtestcase" time="0.030"/>
  <system-out/>
  <testcase classname="testNG.SampleTestCase" name="secondtestcase" time="0.015"/>
  <system-out/>
  <testcase classname="testNG.SampleTestCase" name="firsttestcase" time="0.042"/>
  <system-out/>
  <testcase classname="testNG.SampleTestCase" name="thirdtestcase" time="0.026"/>
  <system-out/>
</testsuite> <!-- testNG.SampleTestCase -->
