<?xml version="1.0" encoding="UTF-8"?>
<!-- Generated by org.testng.reporters.JUnitReportReporter -->
<testsuite hostname="DESKTOP-4DTVSHD" failures="0" tests="5" name="testNG.DriveACar" time="0.045" errors="0" timestamp="2024-04-07T19:12:16 IST" skipped="0">
  <testcase classname="testNG.DriveACar" name="stsrtthecar" time="0.007"/>
  <system-out/>
  <testcase classname="testNG.DriveACar" name="putFirstgear" time="0.012"/>
  <system-out/>
  <testcase classname="testNG.DriveACar" name="putSecondgear" time="0.009"/>
  <system-out/>
  <testcase classname="testNG.DriveACar" name="putThirdgear" time="0.006"/>
  <system-out/>
  <testcase classname="testNG.DriveACar" name="putFourthgear" time="0.011"/>
  <system-out/>
</testsuite> <!-- testNG.DriveACar -->
