<?xml version="1.0" encoding="UTF-8"?>
<!-- Generated by org.testng.reporters.JUnitReportReporter -->
<testsuite hostname="DESKTOP-4DTVSHD" failures="0" tests="1" name="testNG.AnnotationsHirarchyExample" time="0.036" errors="0" timestamp="2024-04-08T17:23:01 IST" skipped="0">
  <testcase classname="testNG.AnnotationsHirarchyExample" name="f" time="0.036"/>
  <system-out/>
</testsuite> <!-- testNG.AnnotationsHirarchyExample -->
