<?xml version="1.0" encoding="UTF-8"?>
<!-- Generated by org.testng.reporters.JUnitReportReporter -->
<testsuite hostname="DESKTOP-4DTVSHD" failures="0" tests="1" name="testNG.ParameterInTestNG" time="0.034" errors="0" timestamp="2024-04-08T14:09:15 IST" skipped="0">
  <testcase classname="testNG.ParameterInTestNG" name="printname" time="0.034"/>
  <system-out/>
</testsuite> <!-- testNG.ParameterInTestNG -->
