<?xml version="1.0" encoding="UTF-8"?>
<!-- Generated by org.testng.reporters.JUnitReportReporter -->
<testsuite hostname="DESKTOP-4DTVSHD" failures="0" tests="3" name="testNG.DependenciesHandling" time="0.041" errors="0" timestamp="2024-04-07T19:12:16 IST" skipped="0">
  <testcase classname="testNG.DependenciesHandling" name="twelthHighersecondarySchool" time="0.004"/>
  <system-out/>
  <testcase classname="testNG.DependenciesHandling" name="degree" time="0.015"/>
  <system-out/>
  <testcase classname="testNG.DependenciesHandling" name="tenthHighSchool" time="0.022"/>
  <system-out/>
</testsuite> <!-- testNG.DependenciesHandling -->
