<?xml version="1.0" encoding="UTF-8"?>
<!-- Generated by org.testng.reporters.JUnitReportReporter -->
<testsuite hostname="DESKTOP-4DTVSHD" failures="0" tests="2" name="testNG.ExecutingTestCaseInParalel" time="27.220" errors="0" timestamp="2024-04-08T15:41:43 IST" skipped="0">
  <testcase classname="testNG.ExecutingTestCaseInParalel" name="opengoogle" time="13.599"/>
  <system-out/>
  <testcase classname="testNG.ExecutingTestCaseInParalel" name="openbing" time="13.621"/>
  <system-out/>
</testsuite> <!-- testNG.ExecutingTestCaseInParalel -->
