<?xml version="1.0" encoding="UTF-8"?>
<!-- Generated by org.testng.reporters.JUnitReportReporter -->
<testsuite hostname="DESKTOP-4DTVSHD" failures="0" tests="4" name="interviewquestions.SeleniumInterviewQuestionsHowtoExecuteTestCseMultipleTimes" time="0.087" errors="0" timestamp="2024-04-13T15:40:55 IST" skipped="0">
  <testcase classname="interviewquestions.SeleniumInterviewQuestionsHowtoExecuteTestCseMultipleTimes" name="test1" time="0.023"/>
  <system-out/>
  <testcase classname="interviewquestions.SeleniumInterviewQuestionsHowtoExecuteTestCseMultipleTimes" name="test1" time="0.017"/>
  <system-out/>
  <testcase classname="interviewquestions.SeleniumInterviewQuestionsHowtoExecuteTestCseMultipleTimes" name="test1" time="0.006"/>
  <system-out/>
  <testcase classname="interviewquestions.SeleniumInterviewQuestionsHowtoExecuteTestCseMultipleTimes" name="test1" time="0.041"/>
  <system-out/>
</testsuite> <!-- interviewquestions.SeleniumInterviewQuestionsHowtoExecuteTestCseMultipleTimes -->
