<?xml version="1.0" encoding="UTF-8"?>
<!-- Generated by org.testng.reporters.JUnitReportReporter -->
<testsuite hostname="DESKTOP-4DTVSHD" failures="0" tests="4" name="testNG.GroupingTestcasess" time="0.107" errors="0" timestamp="2024-04-08T01:56:45 IST" skipped="0">
  <testcase classname="testNG.GroupingTestcasess" name="motto2" time="0.015"/>
  <system-out/>
  <testcase classname="testNG.GroupingTestcasess" name="vivo1" time="0.012"/>
  <system-out/>
  <testcase classname="testNG.GroupingTestcasess" name="motto1" time="0.066"/>
  <system-out/>
  <testcase classname="testNG.GroupingTestcasess" name="vivo2" time="0.014"/>
  <system-out/>
</testsuite> <!-- testNG.GroupingTestcasess -->
