<?xml version="1.0" encoding="UTF-8"?>
<!-- Generated by org.testng.reporters.JUnitReportReporter -->
<testsuite hostname="DESKTOP-4DTVSHD" failures="0" tests="1" name="interviewquestions.SeleniumInterviewQuestionsHandlineceptioninTestNg" time="2.059" errors="0" timestamp="2024-04-13T17:30:00 IST" skipped="0">
  <testcase classname="interviewquestions.SeleniumInterviewQuestionsHandlineceptioninTestNg" name="timeout" time="2.059"/>
  <system-out/>
</testsuite> <!-- interviewquestions.SeleniumInterviewQuestionsHandlineceptioninTestNg -->
