<?xml version="1.0" encoding="UTF-8"?>
<!-- Generated by org.testng.reporters.JUnitReportReporter -->
<testsuite hostname="DESKTOP-4DTVSHD" failures="0" tests="4" name="testNG.WritingTestSuitInTestNg" time="25.075" errors="1" timestamp="2024-04-07T19:12:16 IST" skipped="0">
  <testcase classname="testNG.WritingTestSuitInTestNg" name="openYahoo" time="20.862"/>
  <system-out/>
  <testcase classname="testNG.WritingTestSuitInTestNg" name="openBing" time="0.912"/>
  <system-out/>
  <testcase classname="testNG.WritingTestSuitInTestNg" name="openGoogle" time="2.744"/>
  <system-out/>
  <testcase classname="testNG.WritingTestSuitInTestNg" name="broswerClosing" time="0.557">
    <error message="Cannot invoke &quot;java.lang.Long.longValue()&quot; because &quot;this.starttime&quot; is null" type="java.lang.NullPointerException">
      <![CDATA[java.lang.NullPointerException: Cannot invoke "java.lang.Long.longValue()" because "this.starttime" is null
at testNG.WritingTestSuitInTestNg.broswerClosing(WritingTestSuitInTestNg.java:114)
at java.base/jdk.internal.reflect.DirectMethodHandleAccessor.invoke(DirectMethodHandleAccessor.java:103)
at java.base/java.lang.reflect.Method.invoke(Method.java:580)
at org.testng.internal.MethodInvocationHelper.invokeMethod(MethodInvocationHelper.java:132)
at org.testng.internal.MethodInvocationHelper.invokeMethodConsideringTimeout(MethodInvocationHelper.java:61)
at org.testng.internal.ConfigInvoker.invokeConfigurationMethod(ConfigInvoker.java:366)
at org.testng.internal.ConfigInvoker.invokeConfigurations(ConfigInvoker.java:320)
at org.testng.SuiteRunner.privateRun(SuiteRunner.java:351)
at org.testng.SuiteRunner.run(SuiteRunner.java:286)
at org.testng.SuiteRunnerWorker.runSuite(SuiteRunnerWorker.java:53)
at org.testng.SuiteRunnerWorker.run(SuiteRunnerWorker.java:96)
at org.testng.TestNG.runSuitesSequentially(TestNG.java:1218)
at org.testng.TestNG.runSuitesLocally(TestNG.java:1140)
at org.testng.TestNG.runSuites(TestNG.java:1069)
at org.testng.TestNG.run(TestNG.java:1037)
at org.testng.remote.AbstractRemoteTestNG.run(AbstractRemoteTestNG.java:115)
at org.testng.remote.RemoteTestNG.initAndRun(RemoteTestNG.java:251)
at org.testng.remote.RemoteTestNG.main(RemoteTestNG.java:77)
]]>
    </error>
  </testcase> <!-- broswerClosing -->
  <system-out/>
</testsuite> <!-- testNG.WritingTestSuitInTestNg -->
